[0.086s] Invoking command in '/home/bctat/turtlebot3ros/turtlebot3_ws/build/image_interfaces': CMAKE_PREFIX_PATH=${CMAKE_PREFIX_PATH}:/home/bctat/turtlebot3ros/turtlebot3_ws/install/turtlebot3_controller:/opt/ros/humble /usr/bin/cmake --build /home/bctat/turtlebot3ros/turtlebot3_ws/build/image_interfaces -- -j12 -l12
[0.124s] [  2%] Built target image_interfaces__cpp
[0.125s] [ 12%] Built target image_interfaces__rosidl_generator_c
[0.126s] failed to create symbolic link '/home/bctat/turtlebot3ros/turtlebot3_ws/build/image_interfaces/ament_cmake_python/image_interfaces/image_interfaces' because existing path cannot be removed: Is a directory
[0.127s] gmake[2]: *** [CMakeFiles/ament_cmake_python_symlink_image_interfaces.dir/build.make:70: CMakeFiles/ament_cmake_python_symlink_image_interfaces] Error 1
[0.129s] gmake[1]: *** [CMakeFiles/Makefile2:421: CMakeFiles/ament_cmake_python_symlink_image_interfaces.dir/all] Error 2
[0.129s] gmake[1]: *** Waiting for unfinished jobs....
[0.135s] [35m[1mConsolidate compiler generated dependencies of target image_interfaces__rosidl_typesupport_cpp[0m
[0.135s] [35m[1mConsolidate compiler generated dependencies of target image_interfaces__rosidl_typesupport_fastrtps_cpp[0m
[0.136s] [35m[1mConsolidate compiler generated dependencies of target image_interfaces__rosidl_typesupport_introspection_cpp[0m
[0.137s] [35m[1mConsolidate compiler generated dependencies of target image_interfaces__rosidl_typesupport_introspection_c[0m
[0.137s] [35m[1mConsolidate compiler generated dependencies of target image_interfaces__rosidl_typesupport_fastrtps_c[0m
[0.137s] [35m[1mConsolidate compiler generated dependencies of target image_interfaces__rosidl_typesupport_c[0m
[0.147s] [ 28%] Built target image_interfaces__rosidl_typesupport_cpp
[0.147s] [ 33%] Built target image_interfaces__rosidl_typesupport_c
[0.147s] [ 43%] Built target image_interfaces__rosidl_typesupport_introspection_cpp
[0.148s] [ 53%] Built target image_interfaces__rosidl_typesupport_fastrtps_cpp
[0.148s] [ 64%] Built target image_interfaces__rosidl_typesupport_introspection_c
[0.149s] [ 74%] Built target image_interfaces__rosidl_typesupport_fastrtps_c
[0.150s] gmake: *** [Makefile:146: all] Error 2
[0.151s] Invoked command in '/home/bctat/turtlebot3ros/turtlebot3_ws/build/image_interfaces' returned '2': CMAKE_PREFIX_PATH=${CMAKE_PREFIX_PATH}:/home/bctat/turtlebot3ros/turtlebot3_ws/install/turtlebot3_controller:/opt/ros/humble /usr/bin/cmake --build /home/bctat/turtlebot3ros/turtlebot3_ws/build/image_interfaces -- -j12 -l12
